#
# A fatal error has been detected by the Java Runtime Environment:
#
#  EXCEPTION_ACCESS_VIOLATION (0xc0000005) at pc=0x0000000056676b2c, pid=3848, tid=9368
#
# JRE version: Java(TM) SE Runtime Environment (8.0_31-b13) (build 1.8.0_31-b13)
# Java VM: Java HotSpot(TM) 64-Bit Server VM (25.31-b07 mixed mode windows-amd64 compressed oops)
# Problematic frame:
# V  [jvm.dll+0xe6b2c]
#
# Failed to write core dump. Minidumps are not enabled by default on client versions of Windows
#
# If you would like to submit a bug report, please visit:
#   http://bugreport.java.com/bugreport/crash.jsp
#

---------------  T H R E A D  ---------------

Current thread (0x0000000015166800):  VMThread [stack: 0x0000000016210000,0x0000000016310000] [id=9368]

siginfo: ExceptionCode=0xc0000005, reading address 0x0000000000000010

Registers:
RAX=0x0000000000000000, RBX=0x0000000002b2c860, RCX=0x00000000000000ff, RDX=0x000000000000003b
RSP=0x000000001630f008, RBP=0x000000001630f110, RSI=0x00000000000000bb, RDI=0x000000000000003b
R8 =0x0000000002b03d90, R9 =0x0000000000000003, R10=0x0000000000000003, R11=0x000000001ae2e6d0
R12=0x000000001630f1a0, R13=0x000000001630f190, R14=0x0000000000000000, R15=0x0000000000000008
RIP=0x0000000056676b2c, EFLAGS=0x0000000000010202

Top of Stack: (sp=0x000000001630f008)
0x000000001630f008:   0000000056751876 0000000000000000
0x000000001630f018:   000000000000003b 00000000000000bb
0x000000001630f028:   000000001c776ff8 0000000000000000
0x000000001630f038:   000000001c76f010 0000000000000000
0x000000001630f048:   000000005678e855 00009133ff0729ca
0x000000001630f058:   000000000406f3d0 0000000002c26120
0x000000001630f068:   000000001c776da0 000000001c776da0
0x000000001630f078:   0000000056614fcc 0000000002ae2580
0x000000001630f088:   0000000002ae2580 0000000000000000
0x000000001630f098:   000000000406f580 00009133ff07369a
0x000000001630f0a8:   00000000566152ba 0000000002c26120
0x000000001630f0b8:   0000000056618355 000000001c776da0
0x000000001630f0c8:   0000000056621a0e 0000000002c25e00
0x000000001630f0d8:   00000000561320da 000000001ae2da48
0x000000001630f0e8:   0000000000000000 0000000000000000
0x000000001630f0f8:   0000000056621d8d 000000001630f1c0 

Instructions: (pc=0x0000000056676b2c)
0x0000000056676b0c:   5f c3 cc cc 48 63 c2 48 8b 44 c1 50 48 89 44 24
0x0000000056676b1c:   08 48 8b 44 24 08 0f b6 c8 f6 d1 f6 c1 01 74 05
0x0000000056676b2c:   48 8b 40 10 c3 48 83 e0 fe c3 cc cc cc cc cc cc
0x0000000056676b3c:   cc cc cc cc 48 89 54 24 10 49 63 c0 48 8b 44 c1 


Register to memory mapping:

RAX=0x0000000000000000 is an unknown value
RBX=0x0000000002b2c860 is an unknown value
RCX=0x00000000000000ff is an unknown value
RDX=0x000000000000003b is an unknown value
RSP=0x000000001630f008 is an unknown value
RBP=0x000000001630f110 is an unknown value
RSI=0x00000000000000bb is an unknown value
RDI=0x000000000000003b is an unknown value
R8 =0x0000000002b03d90 is an unknown value
R9 =0x0000000000000003 is an unknown value
R10=0x0000000000000003 is an unknown value
R11=0x000000001ae2e6d0 is pointing into metadata
R12=0x000000001630f1a0 is an unknown value
R13=0x000000001630f190 is an unknown value
R14=0x0000000000000000 is an unknown value
R15=0x0000000000000008 is an unknown value


Stack: [0x0000000016210000,0x0000000016310000],  sp=0x000000001630f008,  free space=1020k
Native frames: (J=compiled Java code, j=interpreted, Vv=VM code, C=native code)
V  [jvm.dll+0xe6b2c]

VM_Operation (0x0000000016b4f540): RedefineClasses, mode: safepoint, requested by thread 0x00000000151ac800


---------------  P R O C E S S  ---------------

Java Threads: ( => current thread )
  0x0000000019d08800 JavaThread "restartedMain" [_thread_blocked, id=13356, stack(0x000000002be30000,0x000000002bf30000)]
  0x0000000019d07000 JavaThread "Thread-46" [_thread_blocked, id=14544, stack(0x000000002b930000,0x000000002ba30000)]
  0x0000000019d0b000 JavaThread "DestroyJavaVM" [_thread_blocked, id=11372, stack(0x0000000002940000,0x0000000002a40000)]
  0x00000000197d7800 JavaThread "Live Reload Server" daemon [_thread_in_native, id=1544, stack(0x000000001d730000,0x000000001d830000)]
  0x000000001988e000 JavaThread "Abandoned connection cleanup thread" daemon [_thread_blocked, id=12480, stack(0x000000001af60000,0x000000001b060000)]
  0x000000001769a000 JavaThread "RMI TCP Accept-0" daemon [_thread_in_native, id=14248, stack(0x0000000017f50000,0x0000000018050000)]
  0x0000000017245800 JavaThread "RMI TCP Accept-54804" daemon [_thread_in_native, id=7188, stack(0x0000000017e50000,0x0000000017f50000)]
  0x0000000017691800 JavaThread "RMI TCP Accept-0" daemon [_thread_in_native, id=8624, stack(0x0000000017d50000,0x0000000017e50000)]
  0x00000000151fd000 JavaThread "Service Thread" daemon [_thread_blocked, id=12944, stack(0x0000000017450000,0x0000000017550000)]
  0x00000000151fc800 JavaThread "C1 CompilerThread2" daemon [_thread_blocked, id=10424, stack(0x0000000017350000,0x0000000017450000)]
  0x00000000151f9800 JavaThread "C2 CompilerThread1" daemon [_thread_blocked, id=4496, stack(0x0000000017250000,0x0000000017350000)]
  0x00000000151c8000 JavaThread "C2 CompilerThread0" daemon [_thread_blocked, id=6860, stack(0x0000000016d50000,0x0000000016e50000)]
  0x00000000151bd000 JavaThread "JDWP Command Reader" daemon [_thread_in_native, id=1692, stack(0x0000000016c50000,0x0000000016d50000)]
  0x00000000151b9800 JavaThread "JDWP Event Helper Thread" daemon [_thread_blocked, id=11124, stack(0x0000000016b50000,0x0000000016c50000)]
  0x00000000151ac800 JavaThread "JDWP Transport Listener: dt_socket" daemon [_thread_blocked, id=4804, stack(0x0000000016a50000,0x0000000016b50000)]
  0x00000000151a3800 JavaThread "Attach Listener" daemon [_thread_blocked, id=14916, stack(0x0000000016610000,0x0000000016710000)]
  0x00000000151a2800 JavaThread "Signal Dispatcher" daemon [_thread_blocked, id=11456, stack(0x0000000016510000,0x0000000016610000)]
  0x0000000002bda000 JavaThread "Finalizer" daemon [_thread_blocked, id=6856, stack(0x0000000016410000,0x0000000016510000)]
  0x0000000002bd1000 JavaThread "Reference Handler" daemon [_thread_blocked, id=10924, stack(0x0000000016310000,0x0000000016410000)]

Other Threads:
=>0x0000000015166800 VMThread [stack: 0x0000000016210000,0x0000000016310000] [id=9368]
  0x000000001769f000 WatcherThread [stack: 0x0000000018050000,0x0000000018150000] [id=9788]

VM state:at safepoint (normal execution)

VM Mutex/Monitor currently owned by a thread:  ([mutex/lock_event])
[0x0000000002ae28d0] Threads_lock - owner thread: 0x0000000015166800

Heap:
 PSYoungGen      total 320512K, used 10049K [0x00000000eb500000, 0x00000000ffb80000, 0x0000000100000000)
  eden space 307712K, 3% used [0x00000000eb500000,0x00000000ebed0710,0x00000000fe180000)
  from space 12800K, 0% used [0x00000000fef00000,0x00000000fef00000,0x00000000ffb80000)
  to   space 13312K, 0% used [0x00000000fe180000,0x00000000fe180000,0x00000000fee80000)
 ParOldGen       total 77312K, used 35452K [0x00000000c1e00000, 0x00000000c6980000, 0x00000000eb500000)
  object space 77312K, 45% used [0x00000000c1e00000,0x00000000c409f2d0,0x00000000c6980000)
 Metaspace       used 65748K, capacity 69282K, committed 69504K, reserved 1110016K
  class space    used 8656K, capacity 9316K, committed 9344K, reserved 1048576K

Card table byte_map: [0x0000000011fa0000,0x00000000121a0000] byte_map_base: 0x0000000011991000

Marking Bits: (ParMarkBitMap*) 0x0000000056d6d4f0
 Begin Bits: [0x00000000126f0000, 0x0000000013678000)
 End Bits:   [0x0000000013678000, 0x0000000014600000)

Polling page: 0x00000000007f0000

CodeCache: size=245760Kb used=21040Kb max_used=21040Kb free=224719Kb
 bounds [0x0000000002be0000, 0x0000000004070000, 0x0000000011be0000]
 total_blobs=10924 nmethods=10344 adapters=499
 compilation: enabled

Compilation events (10 events):
Event: 1703.256 Thread 0x00000000151fc800 10536       1       org.springframework.boot.context.properties.bind.BindResult::of (17 bytes)
Event: 1703.256 Thread 0x00000000151fc800 nmethod 10536 0x000000000406dd90 code [0x000000000406dee0, 0x000000000406e050]
Event: 1703.257 Thread 0x00000000151fc800 10537       1       org.springframework.boot.context.properties.source.SpringConfigurationPropertySource::from (45 bytes)
Event: 1703.258 Thread 0x00000000151fc800 nmethod 10537 0x000000000406e0d0 code [0x000000000406e2a0, 0x000000000406e6c8]
Event: 1703.258 Thread 0x00000000151fc800 10538       1       org.springframework.boot.context.properties.source.SpringConfigurationPropertySource::getPropertyMapper (56 bytes)
Event: 1703.259 Thread 0x00000000151fc800 nmethod 10538 0x000000000406e950 code [0x000000000406eb00, 0x000000000406f078]
Event: 1703.259 Thread 0x00000000151fc800 10539   !   1       org.springframework.boot.context.properties.source.SpringConfigurationPropertySource::isFullEnumerable (39 bytes)
Event: 1703.259 Thread 0x00000000151fc800 nmethod 10539 0x000000000406f3d0 code [0x000000000406f580, 0x000000000406f918]
Event: 1703.500 Thread 0x00000000151fc800 10540  s    1       java.lang.Throwable::getCause (17 bytes)
Event: 1703.500 Thread 0x00000000151fc800 nmethod 10540 0x000000000406fb10 code [0x000000000406fc60, 0x000000000406fef0]

GC Heap History (10 events):
Event: 1654.031 GC heap before
{Heap before GC invocations=31 (full 9):
 PSYoungGen      total 321024K, used 6205K [0x00000000eb500000, 0x00000000ffd80000, 0x0000000100000000)
  eden space 307712K, 0% used [0x00000000eb500000,0x00000000eb500000,0x00000000fe180000)
  from space 13312K, 46% used [0x00000000ff080000,0x00000000ff68f718,0x00000000ffd80000)
  to   space 14336K, 0% used [0x00000000fe180000,0x00000000fe180000,0x00000000fef80000)
 ParOldGen       total 77312K, used 32787K [0x00000000c1e00000, 0x00000000c6980000, 0x00000000eb500000)
  object space 77312K, 42% used [0x00000000c1e00000,0x00000000c3e04ed0,0x00000000c6980000)
 Metaspace       used 64681K, capacity 67978K, committed 68352K, reserved 1107968K
  class space    used 8538K, capacity 9096K, committed 9216K, reserved 1048576K
Event: 1654.446 GC heap after
Heap after GC invocations=31 (full 9):
 PSYoungGen      total 321024K, used 0K [0x00000000eb500000, 0x00000000ffd80000, 0x0000000100000000)
  eden space 307712K, 0% used [0x00000000eb500000,0x00000000eb500000,0x00000000fe180000)
  from space 13312K, 0% used [0x00000000ff080000,0x00000000ff080000,0x00000000ffd80000)
  to   space 14336K, 0% used [0x00000000fe180000,0x00000000fe180000,0x00000000fef80000)
 ParOldGen       total 77312K, used 33687K [0x00000000c1e00000, 0x00000000c6980000, 0x00000000eb500000)
  object space 77312K, 43% used [0x00000000c1e00000,0x00000000c3ee5f38,0x00000000c6980000)
 Metaspace       used 64671K, capacity 67960K, committed 68352K, reserved 1107968K
  class space    used 8536K, capacity 9092K, committed 9216K, reserved 1048576K
}
Event: 1680.480 GC heap before
{Heap before GC invocations=32 (full 9):
 PSYoungGen      total 321024K, used 281119K [0x00000000eb500000, 0x00000000ffd80000, 0x0000000100000000)
  eden space 307712K, 91% used [0x00000000eb500000,0x00000000fc787d68,0x00000000fe180000)
  from space 13312K, 0% used [0x00000000ff080000,0x00000000ff080000,0x00000000ffd80000)
  to   space 14336K, 0% used [0x00000000fe180000,0x00000000fe180000,0x00000000fef80000)
 ParOldGen       total 77312K, used 33687K [0x00000000c1e00000, 0x00000000c6980000, 0x00000000eb500000)
  object space 77312K, 43% used [0x00000000c1e00000,0x00000000c3ee5f38,0x00000000c6980000)
 Metaspace       used 65186K, capacity 68530K, committed 68608K, reserved 1107968K
  class space    used 8588K, capacity 9170K, committed 9216K, reserved 1048576K
Event: 1680.511 GC heap after
Heap after GC invocations=32 (full 9):
 PSYoungGen      total 313856K, used 6106K [0x00000000eb500000, 0x00000000ffc80000, 0x0000000100000000)
  eden space 307712K, 0% used [0x00000000eb500000,0x00000000eb500000,0x00000000fe180000)
  from space 6144K, 99% used [0x00000000fe180000,0x00000000fe776b38,0x00000000fe780000)
  to   space 13824K, 0% used [0x00000000fef00000,0x00000000fef00000,0x00000000ffc80000)
 ParOldGen       total 77312K, used 33695K [0x00000000c1e00000, 0x00000000c6980000, 0x00000000eb500000)
  object space 77312K, 43% used [0x00000000c1e00000,0x00000000c3ee7f38,0x00000000c6980000)
 Metaspace       used 65186K, capacity 68530K, committed 68608K, reserved 1107968K
  class space    used 8588K, capacity 9170K, committed 9216K, reserved 1048576K
}
Event: 1680.512 GC heap before
{Heap before GC invocations=33 (full 10):
 PSYoungGen      total 313856K, used 6106K [0x00000000eb500000, 0x00000000ffc80000, 0x0000000100000000)
  eden space 307712K, 0% used [0x00000000eb500000,0x00000000eb500000,0x00000000fe180000)
  from space 6144K, 99% used [0x00000000fe180000,0x00000000fe776b38,0x00000000fe780000)
  to   space 13824K, 0% used [0x00000000fef00000,0x00000000fef00000,0x00000000ffc80000)
 ParOldGen       total 77312K, used 33695K [0x00000000c1e00000, 0x00000000c6980000, 0x00000000eb500000)
  object space 77312K, 43% used [0x00000000c1e00000,0x00000000c3ee7f38,0x00000000c6980000)
 Metaspace       used 65186K, capacity 68530K, committed 68608K, reserved 1107968K
  class space    used 8588K, capacity 9170K, committed 9216K, reserved 1048576K
Event: 1680.784 GC heap after
Heap after GC invocations=33 (full 10):
 PSYoungGen      total 313856K, used 0K [0x00000000eb500000, 0x00000000ffc80000, 0x0000000100000000)
  eden space 307712K, 0% used [0x00000000eb500000,0x00000000eb500000,0x00000000fe180000)
  from space 6144K, 0% used [0x00000000fe180000,0x00000000fe180000,0x00000000fe780000)
  to   space 13824K, 0% used [0x00000000fef00000,0x00000000fef00000,0x00000000ffc80000)
 ParOldGen       total 77312K, used 34582K [0x00000000c1e00000, 0x00000000c6980000, 0x00000000eb500000)
  object space 77312K, 44% used [0x00000000c1e00000,0x00000000c3fc59d0,0x00000000c6980000)
 Metaspace       used 65176K, capacity 68512K, committed 68608K, reserved 1107968K
  class space    used 8586K, capacity 9166K, committed 9216K, reserved 1048576K
}
Event: 1702.707 GC heap before
{Heap before GC invocations=34 (full 10):
 PSYoungGen      total 313856K, used 285593K [0x00000000eb500000, 0x00000000ffc80000, 0x0000000100000000)
  eden space 307712K, 92% used [0x00000000eb500000,0x00000000fcbe6450,0x00000000fe180000)
  from space 6144K, 0% used [0x00000000fe180000,0x00000000fe180000,0x00000000fe780000)
  to   space 13824K, 0% used [0x00000000fef00000,0x00000000fef00000,0x00000000ffc80000)
 ParOldGen       total 77312K, used 34582K [0x00000000c1e00000, 0x00000000c6980000, 0x00000000eb500000)
  object space 77312K, 44% used [0x00000000c1e00000,0x00000000c3fc59d0,0x00000000c6980000)
 Metaspace       used 65726K, capacity 69236K, committed 69504K, reserved 1110016K
  class space    used 8649K, capacity 9255K, committed 9344K, reserved 1048576K
Event: 1702.806 GC heap after
Heap after GC invocations=34 (full 10):
 PSYoungGen      total 320512K, used 6184K [0x00000000eb500000, 0x00000000ffb80000, 0x0000000100000000)
  eden space 307712K, 0% used [0x00000000eb500000,0x00000000eb500000,0x00000000fe180000)
  from space 12800K, 48% used [0x00000000fef00000,0x00000000ff50a0a8,0x00000000ffb80000)
  to   space 13312K, 0% used [0x00000000fe180000,0x00000000fe180000,0x00000000fee80000)
 ParOldGen       total 77312K, used 34590K [0x00000000c1e00000, 0x00000000c6980000, 0x00000000eb500000)
  object space 77312K, 44% used [0x00000000c1e00000,0x00000000c3fc79d0,0x00000000c6980000)
 Metaspace       used 65726K, capacity 69236K, committed 69504K, reserved 1110016K
  class space    used 8649K, capacity 9255K, committed 9344K, reserved 1048576K
}
Event: 1702.807 GC heap before
{Heap before GC invocations=35 (full 11):
 PSYoungGen      total 320512K, used 6184K [0x00000000eb500000, 0x00000000ffb80000, 0x0000000100000000)
  eden space 307712K, 0% used [0x00000000eb500000,0x00000000eb500000,0x00000000fe180000)
  from space 12800K, 48% used [0x00000000fef00000,0x00000000ff50a0a8,0x00000000ffb80000)
  to   space 13312K, 0% used [0x00000000fe180000,0x00000000fe180000,0x00000000fee80000)
 ParOldGen       total 77312K, used 34590K [0x00000000c1e00000, 0x00000000c6980000, 0x00000000eb500000)
  object space 77312K, 44% used [0x00000000c1e00000,0x00000000c3fc79d0,0x00000000c6980000)
 Metaspace       used 65726K, capacity 69236K, committed 69504K, reserved 1110016K
  class space    used 8649K, capacity 9255K, committed 9344K, reserved 1048576K
Event: 1703.194 GC heap after
Heap after GC invocations=35 (full 11):
 PSYoungGen      total 320512K, used 0K [0x00000000eb500000, 0x00000000ffb80000, 0x0000000100000000)
  eden space 307712K, 0% used [0x00000000eb500000,0x00000000eb500000,0x00000000fe180000)
  from space 12800K, 0% used [0x00000000fef00000,0x00000000fef00000,0x00000000ffb80000)
  to   space 13312K, 0% used [0x00000000fe180000,0x00000000fe180000,0x00000000fee80000)
 ParOldGen       total 77312K, used 35452K [0x00000000c1e00000, 0x00000000c6980000, 0x00000000eb500000)
  object space 77312K, 45% used [0x00000000c1e00000,0x00000000c409f2d0,0x00000000c6980000)
 Metaspace       used 65712K, capacity 69212K, committed 69504K, reserved 1110016K
  class space    used 8646K, capacity 9250K, committed 9344K, reserved 1048576K
}

Deoptimization events (0 events):
No events

Internal exceptions (10 events):
Event: 1703.494 Thread 0x0000000019d08800 Exception <a 'java/security/PrivilegedActionException'> (0x00000000ebdbc420) thrown at [C:\workspace\8-2-build-windows-amd64-cygwin\jdk8u31\2394\hotspot\src\share\vm\prims\jvm.cpp, line 1312]
Event: 1703.497 Thread 0x0000000019d08800 Exception <a 'java/lang/ArrayIndexOutOfBoundsException'> (0x00000000ebdc2e10) thrown at [C:\workspace\8-2-build-windows-amd64-cygwin\jdk8u31\2394\hotspot\src\share\vm\runtime\sharedRuntime.cpp, line 604]
Event: 1703.497 Thread 0x0000000019d08800 Exception <a 'java/lang/ArrayIndexOutOfBoundsException'> (0x00000000ebdc4608) thrown at [C:\workspace\8-2-build-windows-amd64-cygwin\jdk8u31\2394\hotspot\src\share\vm\runtime\sharedRuntime.cpp, line 604]
Event: 1703.498 Thread 0x0000000019d08800 Exception <a 'java/security/PrivilegedActionException'> (0x00000000ebdc5300) thrown at [C:\workspace\8-2-build-windows-amd64-cygwin\jdk8u31\2394\hotspot\src\share\vm\prims\jvm.cpp, line 1312]
Event: 1703.500 Thread 0x0000000019d08800 Exception <a 'java/lang/ArrayIndexOutOfBoundsException'> (0x00000000ebdcce10) thrown at [C:\workspace\8-2-build-windows-amd64-cygwin\jdk8u31\2394\hotspot\src\share\vm\runtime\sharedRuntime.cpp, line 604]
Event: 1703.501 Thread 0x0000000019d08800 Exception <a 'java/security/PrivilegedActionException'> (0x00000000ebdcdb00) thrown at [C:\workspace\8-2-build-windows-amd64-cygwin\jdk8u31\2394\hotspot\src\share\vm\prims\jvm.cpp, line 1312]
Event: 1703.541 Thread 0x0000000019d08800 Exception <a 'java/lang/ArrayIndexOutOfBoundsException'> (0x00000000ebddacb8) thrown at [C:\workspace\8-2-build-windows-amd64-cygwin\jdk8u31\2394\hotspot\src\share\vm\runtime\sharedRuntime.cpp, line 604]
Event: 1703.541 Thread 0x0000000019d08800 Exception <a 'java/security/PrivilegedActionException'> (0x00000000ebddbdb8) thrown at [C:\workspace\8-2-build-windows-amd64-cygwin\jdk8u31\2394\hotspot\src\share\vm\prims\jvm.cpp, line 1312]
Event: 1703.542 Thread 0x0000000019d08800 Exception <a 'java/lang/ArrayIndexOutOfBoundsException'> (0x00000000ebdea580) thrown at [C:\workspace\8-2-build-windows-amd64-cygwin\jdk8u31\2394\hotspot\src\share\vm\runtime\sharedRuntime.cpp, line 604]
Event: 1703.543 Thread 0x0000000019d08800 Exception <a 'java/security/PrivilegedActionException'> (0x00000000ebdeb3f8) thrown at [C:\workspace\8-2-build-windows-amd64-cygwin\jdk8u31\2394\hotspot\src\share\vm\prims\jvm.cpp, line 1312]

Events (10 events):
Event: 1703.542 Thread 0x0000000019d08800 DEOPT UNPACKING pc=0x0000000002c275bf sp=0x000000002bf2c200 mode 1
Event: 1703.542 Thread 0x0000000019d08800 DEOPT PACKING pc=0x0000000002de80dc sp=0x000000002bf2c530
Event: 1703.542 Thread 0x0000000019d08800 DEOPT UNPACKING pc=0x0000000002c275bf sp=0x000000002bf2c260 mode 1
Event: 1703.543 Thread 0x0000000019d08800 DEOPT PACKING pc=0x0000000002da5d3c sp=0x000000002bf2d110
Event: 1703.543 Thread 0x0000000019d08800 DEOPT UNPACKING pc=0x0000000002c275bf sp=0x000000002bf2ce58 mode 1
Event: 1703.543 Thread 0x0000000019d08800 DEOPT PACKING pc=0x0000000003311f34 sp=0x000000002bf2d180
Event: 1703.543 Thread 0x0000000019d08800 DEOPT UNPACKING pc=0x0000000002c275bf sp=0x000000002bf2cfa0 mode 1
Event: 1703.543 Thread 0x0000000019d08800 DEOPT PACKING pc=0x0000000003311e7c sp=0x000000002bf2d310
Event: 1703.543 Thread 0x0000000019d08800 DEOPT UNPACKING pc=0x0000000002c275bf sp=0x000000002bf2d130 mode 1
Event: 1703.552 Executing VM operation: RedefineClasses


Dynamic libraries:
0x00007ff74d600000 - 0x00007ff74d634000 	C:\Program Files\Java\jdk1.8.0_31\bin\javaw.exe
0x00007ff902c20000 - 0x00007ff902e01000 	C:\WINDOWS\SYSTEM32\ntdll.dll
0x00007ff902540000 - 0x00007ff9025f2000 	C:\WINDOWS\System32\KERNEL32.DLL
0x00007ff8feff0000 - 0x00007ff8ff263000 	C:\WINDOWS\System32\KERNELBASE.dll
0x00007ff901810000 - 0x00007ff9018b1000 	C:\WINDOWS\System32\ADVAPI32.dll
0x00007ff901600000 - 0x00007ff90169e000 	C:\WINDOWS\System32\msvcrt.dll
0x00007ff9021c0000 - 0x00007ff90221b000 	C:\WINDOWS\System32\sechost.dll
0x00007ff902410000 - 0x00007ff902534000 	C:\WINDOWS\System32\RPCRT4.dll
0x00007ff902600000 - 0x00007ff902790000 	C:\WINDOWS\System32\USER32.dll
0x00007ff8ffa70000 - 0x00007ff8ffa90000 	C:\WINDOWS\System32\win32u.dll
0x00007ff9022d0000 - 0x00007ff9022f8000 	C:\WINDOWS\System32\GDI32.dll
0x00007ff8ffa90000 - 0x00007ff8ffc22000 	C:\WINDOWS\System32\gdi32full.dll
0x00007ff8ff270000 - 0x00007ff8ff30f000 	C:\WINDOWS\System32\msvcp_win.dll
0x00007ff8ffdc0000 - 0x00007ff8ffeba000 	C:\WINDOWS\System32\ucrtbase.dll
0x00007ff8ec4f0000 - 0x00007ff8ec759000 	C:\WINDOWS\WinSxS\amd64_microsoft.windows.common-controls_6595b64144ccf1df_6.0.17134.407_none_fb449d63306391e9\COMCTL32.dll
0x00007ff9018c0000 - 0x00007ff901be2000 	C:\WINDOWS\System32\combase.dll
0x00007ff8ffc30000 - 0x00007ff8ffcaa000 	C:\WINDOWS\System32\bcryptPrimitives.dll
0x00007ff902370000 - 0x00007ff90239d000 	C:\WINDOWS\System32\IMM32.DLL
0x0000000056110000 - 0x00000000561e2000 	C:\Program Files\Java\jdk1.8.0_31\jre\bin\msvcr100.dll
0x0000000056590000 - 0x0000000056dea000 	C:\Program Files\Java\jdk1.8.0_31\jre\bin\server\jvm.dll
0x00007ff9015f0000 - 0x00007ff9015f8000 	C:\WINDOWS\System32\PSAPI.DLL
0x00007ff8fcac0000 - 0x00007ff8fcae3000 	C:\WINDOWS\SYSTEM32\WINMM.dll
0x00007ff8f6210000 - 0x00007ff8f6219000 	C:\WINDOWS\SYSTEM32\WSOCK32.dll
0x00007ff902300000 - 0x00007ff90236c000 	C:\WINDOWS\System32\WS2_32.dll
0x00007ff8fca90000 - 0x00007ff8fcaba000 	C:\WINDOWS\SYSTEM32\WINMMBASE.dll
0x00007ff8ff310000 - 0x00007ff8ff359000 	C:\WINDOWS\System32\cfgmgr32.dll
0x0000000056580000 - 0x000000005658f000 	C:\Program Files\Java\jdk1.8.0_31\jre\bin\verify.dll
0x0000000056550000 - 0x0000000056578000 	C:\Program Files\Java\jdk1.8.0_31\jre\bin\java.dll
0x00000000560d0000 - 0x0000000056105000 	C:\Program Files\Java\jdk1.8.0_31\jre\bin\jdwp.dll
0x00000000560c0000 - 0x00000000560c8000 	C:\Program Files\Java\jdk1.8.0_31\jre\bin\npt.dll
0x0000000056530000 - 0x0000000056546000 	C:\Program Files\Java\jdk1.8.0_31\jre\bin\zip.dll
0x00007ff9000b0000 - 0x00007ff9014ef000 	C:\WINDOWS\System32\SHELL32.dll
0x00007ff902220000 - 0x00007ff9022c9000 	C:\WINDOWS\System32\shcore.dll
0x00007ff8ff360000 - 0x00007ff8ffa6d000 	C:\WINDOWS\System32\windows.storage.dll
0x00007ff902930000 - 0x00007ff902981000 	C:\WINDOWS\System32\shlwapi.dll
0x00007ff8fefc0000 - 0x00007ff8fefd1000 	C:\WINDOWS\System32\kernel.appcore.dll
0x00007ff8fef30000 - 0x00007ff8fef4f000 	C:\WINDOWS\System32\profapi.dll
0x00007ff8fef50000 - 0x00007ff8fef9c000 	C:\WINDOWS\System32\powrprof.dll
0x00007ff8fefe0000 - 0x00007ff8fefea000 	C:\WINDOWS\System32\FLTLIB.DLL
0x00000000560b0000 - 0x00000000560b9000 	C:\Program Files\Java\jdk1.8.0_31\jre\bin\dt_socket.dll
0x00007ff8ea4b0000 - 0x00007ff8ea4c6000 	C:\WINDOWS\system32\napinsp.dll
0x00007ff8e3bf0000 - 0x00007ff8e3c0a000 	C:\WINDOWS\system32\pnrpnsp.dll
0x00007ff8fb860000 - 0x00007ff8fb879000 	C:\WINDOWS\system32\NLAapi.dll
0x00007ff8fe7b0000 - 0x00007ff8fe816000 	C:\WINDOWS\System32\mswsock.dll
0x00007ff8fe570000 - 0x00007ff8fe62e000 	C:\WINDOWS\SYSTEM32\DNSAPI.dll
0x00007ff902400000 - 0x00007ff902408000 	C:\WINDOWS\System32\NSI.dll
0x00007ff8fe530000 - 0x00007ff8fe568000 	C:\WINDOWS\SYSTEM32\IPHLPAPI.DLL
0x00007ff8f17e0000 - 0x00007ff8f17ee000 	C:\WINDOWS\System32\winrnr.dll
0x00007ff8f5190000 - 0x00007ff8f5202000 	C:\WINDOWS\System32\fwpuclnt.dll
0x00007ff8fea90000 - 0x00007ff8feab5000 	C:\WINDOWS\SYSTEM32\bcrypt.dll
0x00007ff8f4cc0000 - 0x00007ff8f4cca000 	C:\Windows\System32\rasadhlp.dll
0x00000000564e0000 - 0x00000000564ed000 	C:\Program Files\Java\jdk1.8.0_31\jre\bin\management.dll
0x0000000056510000 - 0x000000005652a000 	C:\Program Files\Java\jdk1.8.0_31\jre\bin\net.dll
0x00000000564f0000 - 0x0000000056501000 	C:\Program Files\Java\jdk1.8.0_31\jre\bin\nio.dll
0x00007ff8fe960000 - 0x00007ff8fe977000 	C:\WINDOWS\SYSTEM32\CRYPTSP.dll
0x00007ff8fe330000 - 0x00007ff8fe363000 	C:\WINDOWS\system32\rsaenh.dll
0x00007ff8fee30000 - 0x00007ff8fee58000 	C:\WINDOWS\SYSTEM32\USERENV.dll
0x00007ff8fe980000 - 0x00007ff8fe98b000 	C:\WINDOWS\SYSTEM32\CRYPTBASE.dll
0x00007ff8f57e0000 - 0x00007ff8f57f6000 	C:\WINDOWS\SYSTEM32\dhcpcsvc6.DLL
0x00007ff8f5900000 - 0x00007ff8f591a000 	C:\WINDOWS\SYSTEM32\dhcpcsvc.DLL
0x00007ff8f0670000 - 0x00007ff8f0839000 	C:\WINDOWS\SYSTEM32\dbghelp.dll

VM Arguments:
jvm_args: -agentlib:jdwp=transport=dt_socket,suspend=y,address=localhost:54807 -Dcom.sun.management.jmxremote -Dcom.sun.management.jmxremote.port=54804 -Dcom.sun.management.jmxremote.authenticate=false -Dcom.sun.management.jmxremote.ssl=false -Djava.rmi.server.hostname=localhost -Dspring.liveBeansView.mbeanDomain -Dspring.application.admin.enabled=true -Xverify:none -XX:TieredStopAtLevel=1 -Dfile.encoding=UTF-8 
java_command: com.example.demo.DemoApplication
java_class_path (initial): C:\Program Files\Java\jdk1.8.0_31\jre\lib\resources.jar;C:\Program Files\Java\jdk1.8.0_31\jre\lib\rt.jar;C:\Program Files\Java\jdk1.8.0_31\jre\lib\jsse.jar;C:\Program Files\Java\jdk1.8.0_31\jre\lib\jce.jar;C:\Program Files\Java\jdk1.8.0_31\jre\lib\charsets.jar;C:\Program Files\Java\jdk1.8.0_31\jre\lib\jfr.jar;C:\Program Files\Java\jdk1.8.0_31\jre\lib\ext\access-bridge-64.jar;C:\Program Files\Java\jdk1.8.0_31\jre\lib\ext\cldrdata.jar;C:\Program Files\Java\jdk1.8.0_31\jre\lib\ext\dnsns.jar;C:\Program Files\Java\jdk1.8.0_31\jre\lib\ext\jaccess.jar;C:\Program Files\Java\jdk1.8.0_31\jre\lib\ext\jfxrt.jar;C:\Program Files\Java\jdk1.8.0_31\jre\lib\ext\localedata.jar;C:\Program Files\Java\jdk1.8.0_31\jre\lib\ext\nashorn.jar;C:\Program Files\Java\jdk1.8.0_31\jre\lib\ext\sunec.jar;C:\Program Files\Java\jdk1.8.0_31\jre\lib\ext\sunjce_provider.jar;C:\Program Files\Java\jdk1.8.0_31\jre\lib\ext\sunmscapi.jar;C:\Program Files\Java\jdk1.8.0_31\jre\lib\ext\sunpkcs11.jar;C:\Program Files\Java\jdk1.8.0_31\jre\lib\ext\zipfs.jar;C:\Users\Aravind\Desktop\New folder\Manlift\target\classes;C:\Users\Aravind\.m2\repository\org\springframework\boot\spring-boot-starter-data-jpa\2.0.5.RELEASE\spring-boot-starter-data-jpa-2.0.5.RELEASE.jar;C:\Users\Aravind\.m2\repository\org\springframework\boot\spring-boot-starter\2.0.5.RELEASE\spring-boot-starter-2.0.5.RELEASE.jar;C:\Users\Aravind\.m2\repository\org\springframework\boot\spring-boot-starter-logging\2.0.5.RELEASE\spring-boot-starter-logging-2.0.5.RELEASE.jar;C:\Users\Aravind\.m2\repository\ch\qos\logback\logback-classic\1.2.3\logback-classic-1.2.3.jar;C:\Users\Aravind\.m2\repository\ch\qos\logback\logback-core\1.2.3\logback-core-1.2.3.jar;C:\Users\Aravind\.m2\repository\org\apache\logging\log4j\log4j-to-slf4j\2.10.0\log4j-to-slf4j-2.10.0.jar;C:\Users\Aravind\.m2\repository\org\apache\logging\log4j\log4j-api\2.10.0\log4j-api-2.10.0.jar;C:\Users\Aravind\.m2\repository\org\slf4j\jul-to-slf4j\1.7.25\jul-to-slf4j-1.7.25.j
Launcher Type: SUN_STANDARD

Environment Variables:
PATH=C:\Program Files\Java\jdk1.8.0_31\jre\bin;C:/Program Files/Java/jdk1.8.0_31/bin/../jre/bin/server;C:/Program Files/Java/jdk1.8.0_31/bin/../jre/bin;C:/Program Files/Java/jdk1.8.0_31/bin/../jre/lib/amd64;C:\oraclexe\app\oracle\product\10.2.0\server\bin;C:\Program Files\Java\jdk1.8.0_31\bin;C:\Program Files\mongodb\bin;C:\Program Files\nodejs\;C:\Program Files\Git\cmd;C:\xampp\mysql\bin;;C:\WINDOWS\system32;C:\WINDOWS;C:\WINDOWS\System32\Wbem;C:\WINDOWS\System32\WindowsPowerShell\v1.0\;C:\WINDOWS\System32\OpenSSH\;C:\xampp\php;C:\composer;C:\Users\Aravind\AppData\Local\Microsoft\WindowsApps;C:\Program Files\Microsoft VS Code\bin;C:\Program Files\nodejs;C:\Users\Aravind\AppData\Roaming\npm;C:\Program Files\Heroku\bin;C:\Users\Aravind\AppData\Roaming\Composer\vendor\bin;E:\eclipse-jee-oxygen-2-win32-x86_64\eclipse;
USERNAME=Aravind
OS=Windows_NT
PROCESSOR_IDENTIFIER=Intel64 Family 6 Model 78 Stepping 3, GenuineIntel



---------------  S Y S T E M  ---------------

OS: Windows 8.1 , 64 bit Build 9600 

CPU:total 4 (2 cores per cpu, 2 threads per core) family 6 model 78 stepping 3, cmov, cx8, fxsr, mmx, sse, sse2, sse3, ssse3, sse4.1, sse4.2, popcnt, avx, avx2, aes, clmul, erms, lzcnt, ht, tsc, tscinvbit, bmi1, bmi2

Memory: 4k page, physical 4065128k(307920k free), swap 9384960k(1111044k free)

vm_info: Java HotSpot(TM) 64-Bit Server VM (25.31-b07) for windows-amd64 JRE (1.8.0_31-b13), built on Dec 17 2014 21:00:28 by "java_re" with MS VC++ 10.0 (VS2010)

time: Tue Dec 11 17:12:28 2018
elapsed time: 1705 seconds (0d 0h 28m 25s)

